Using pre-set license
Built from 'trunk' branch; Version is '2020.2.0a19 (8037ac78137e) revision 8402860'; Using compiler version '192528614'; Build Type 'Release'
OS: 'Windows 10  (10.0.0) 64bit' Language: 'zh' Physical Memory: 12161 MB
BatchMode: 1, IsHumanControllingUs: 0, StartBugReporterOnCrash: 0, Is64bit: 1, IsPro: 0

 COMMAND LINE ARGUMENTS:
F:\2020.2.0a19\Editor\Unity.exe
-adb2
-batchMode
-noUpm
-name
AssetImportWorker0
-projectPath
E:/Desktop/Project_Data/UnityPro/Github_Item/LandlordsPro/Landlords_Client/Unity
-logFile
Logs/AssetImportWorker0.log
-srvPort
49823
Successfully changed project path to: E:/Desktop/Project_Data/UnityPro/Github_Item/LandlordsPro/Landlords_Client/Unity
E:/Desktop/Project_Data/UnityPro/Github_Item/LandlordsPro/Landlords_Client/Unity
Using Asset Import Pipeline V2.
Refreshing native plugins compatible for Editor in 2529.12 ms, found 1 plugins.
Preloading 0 native plugins for Editor in 0.00 ms.
Initialize engine version: 2020.2.0a19 (8037ac78137e)
[Subsystems] Discovering subsystems at path F:/2020.2.0a19/Editor/Data/Resources/UnitySubsystems
[Subsystems] Discovering subsystems at path E:/Desktop/Project_Data/UnityPro/Github_Item/LandlordsPro/Landlords_Client/Unity/Assets
GfxDevice: creating device client; threaded=0
Direct3D:
    Version:  Direct3D 11.0 [level 11.0]
    Renderer: NVIDIA GeForce GTX 960M (ID=0x139b)
    Vendor:   
    VRAM:     4055 MB
    Driver:   23.21.13.9125
Initialize mono
Mono path[0] = 'F:/2020.2.0a19/Editor/Data/Managed'
Mono path[1] = 'F:/2020.2.0a19/Editor/Data/MonoBleedingEdge/lib/mono/unityjit'
Mono config path = 'F:/2020.2.0a19/Editor/Data/MonoBleedingEdge/etc'
Using monoOptions --debugger-agent=transport=dt_socket,embedding=1,server=y,suspend=n,address=127.0.0.1:56532
Begin MonoManager ReloadAssembly
